#
# There is insufficient memory for the Java Runtime Environment to continue.
# Native memory allocation (malloc) failed to allocate 1613776 bytes. Error detail: Chunk::new
# Possible reasons:
#   The system is out of physical RAM or swap space
#   This process is running with CompressedOops enabled, and the Java Heap may be blocking the growth of the native heap
# Possible solutions:
#   Reduce memory load on the system
#   Increase physical memory or swap space
#   Check if swap backing store is full
#   Decrease Java heap size (-Xmx/-Xms)
#   Decrease number of Java threads
#   Decrease Java thread stack sizes (-Xss)
#   Set larger code cache with -XX:ReservedCodeCacheSize=
#   JVM is running with Unscaled Compressed Oops mode in which the Java heap is
#     placed in the first 4GB address space. The Java Heap base address is the
#     maximum limit for the native heap growth. Please use -XX:HeapBaseMinAddress
#     to set the Java Heap base and to place the Java Heap above 4GB virtual address.
# This output file may be truncated or incomplete.
#
#  Out of Memory Error (arena.cpp:191), pid=26844, tid=31236
#
# JRE version: OpenJDK Runtime Environment Temurin-17.0.11+9 (17.0.11+9) (build 17.0.11+9)
# Java VM: OpenJDK 64-Bit Server VM Temurin-17.0.11+9 (17.0.11+9, mixed mode, tiered, compressed oops, compressed class ptrs, parallel gc, windows-amd64)
# No core dump will be written. Minidumps are not enabled by default on client versions of Windows
#

---------------  S U M M A R Y ------------

Command Line: --add-modules=ALL-SYSTEM --add-opens=java.base/java.util=ALL-UNNAMED --add-opens=java.base/java.lang=ALL-UNNAMED --add-opens=java.base/sun.nio.fs=ALL-UNNAMED -Declipse.application=org.eclipse.jdt.ls.core.id1 -Dosgi.bundles.defaultStartLevel=4 -Declipse.product=org.eclipse.jdt.ls.core.product -Djava.import.generatesMetadataFilesAtProjectRoot=false -DDetectVMInstallationsJob.disabled=true -Dfile.encoding=utf8 -XX:+UseParallelGC -XX:GCTimeRatio=4 -XX:AdaptiveSizePolicyWeight=90 -Dsun.zip.disableMemoryMapping=true -Xmx1G -Xms100m -Xlog:disable -javaagent:c:\Users\user\.vscode\extensions\redhat.java-1.32.0-win32-x64\lombok\lombok-1.18.33.jar c:\Users\user\.vscode\extensions\redhat.java-1.32.0-win32-x64\server\plugins\org.eclipse.equinox.launcher_1.6.900.v20240613-2009.jar -configuration c:\Users\user\AppData\Roaming\Code\User\globalStorage\redhat.java\1.32.0\config_ss_win -data c:\Users\user\AppData\Roaming\Code\User\workspaceStorage\de7f6aadfe4596510ff6b265ddbec6d2\redhat.java\ss_ws --pipe=\\.\pipe\lsp-2eb58ee2f424acf781a55efbab5e5537-sock

Host: Intel(R) Core(TM) i7-7600U CPU @ 2.80GHz, 4 cores, 15G,  Windows 10 , 64 bit Build 18362 (10.0.18362.329)
Time: Thu Jul  4 18:10:08 2024 Pacific Daylight Time elapsed time: 4.234981 seconds (0d 0h 0m 4s)

---------------  T H R E A D  ---------------

Current thread (0x000002bbc4615070):  JavaThread "C2 CompilerThread1" daemon [_thread_in_native, id=31236, stack(0x000000c568000000,0x000000c568100000)]


Current CompileTask:
C2:   4235 2354       4       org.lombokweb.asm.ClassReader::readMethod (1066 bytes)

Stack: [0x000000c568000000,0x000000c568100000]
Native frames: (J=compiled Java code, j=interpreted, Vv=VM code, C=native code)
V  [jvm.dll+0x67d429]
V  [jvm.dll+0x834b7a]
V  [jvm.dll+0x83663e]
V  [jvm.dll+0x836ca3]
V  [jvm.dll+0x247dbf]
V  [jvm.dll+0xac534]
V  [jvm.dll+0xacb7c]
V  [jvm.dll+0x3665f2]
V  [jvm.dll+0x1bd086]
V  [jvm.dll+0x21a5c9]
V  [jvm.dll+0x2198b1]
V  [jvm.dll+0x1a534d]
V  [jvm.dll+0x2295cd]
V  [jvm.dll+0x22779c]
V  [jvm.dll+0x7e9d07]
V  [jvm.dll+0x7e410a]
V  [jvm.dll+0x67c315]
C  [ucrtbase.dll+0x1d9f2]
C  [KERNEL32.DLL+0x17bd4]
C  [ntdll.dll+0x6cee1]


---------------  P R O C E S S  ---------------

Threads class SMR info:
_java_thread_list=0x000002bbc3877050, length=21, elements={
0x000002bbaa50e230, 0x000002bbaa5bb1c0, 0x000002bbaa5bc6f0, 0x000002bbbe375c60,
0x000002bbbe378c10, 0x000002bbbe379f40, 0x000002bbbe37c520, 0x000002bbbe388970,
0x000002bbbe389ad0, 0x000002bbbe38d370, 0x000002bbc3696fb0, 0x000002bbc385a6a0,
0x000002bbc3fa9340, 0x000002bbc3fee040, 0x000002bbc3d27890, 0x000002bbc3c24cd0,
0x000002bbc4057030, 0x000002bbc4347580, 0x000002bbc43498f0, 0x000002bbc4347fa0,
0x000002bbc4615070
}

Java Threads: ( => current thread )
  0x000002bbaa50e230 JavaThread "main" [_thread_blocked, id=10976, stack(0x000000c566600000,0x000000c566700000)]
  0x000002bbaa5bb1c0 JavaThread "Reference Handler" daemon [_thread_blocked, id=10220, stack(0x000000c566900000,0x000000c566a00000)]
  0x000002bbaa5bc6f0 JavaThread "Finalizer" daemon [_thread_blocked, id=14244, stack(0x000000c566a00000,0x000000c566b00000)]
  0x000002bbbe375c60 JavaThread "Signal Dispatcher" daemon [_thread_blocked, id=14048, stack(0x000000c566b00000,0x000000c566c00000)]
  0x000002bbbe378c10 JavaThread "Attach Listener" daemon [_thread_blocked, id=1512, stack(0x000000c566c00000,0x000000c566d00000)]
  0x000002bbbe379f40 JavaThread "Service Thread" daemon [_thread_blocked, id=13464, stack(0x000000c566d00000,0x000000c566e00000)]
  0x000002bbbe37c520 JavaThread "Monitor Deflation Thread" daemon [_thread_blocked, id=10996, stack(0x000000c566e00000,0x000000c566f00000)]
  0x000002bbbe388970 JavaThread "C2 CompilerThread0" daemon [_thread_in_native, id=6536, stack(0x000000c566f00000,0x000000c567000000)]
  0x000002bbbe389ad0 JavaThread "C1 CompilerThread0" daemon [_thread_blocked, id=13672, stack(0x000000c567000000,0x000000c567100000)]
  0x000002bbbe38d370 JavaThread "Sweeper thread" daemon [_thread_blocked, id=6488, stack(0x000000c567100000,0x000000c567200000)]
  0x000002bbc3696fb0 JavaThread "Common-Cleaner" daemon [_thread_blocked, id=31408, stack(0x000000c567200000,0x000000c567300000)]
  0x000002bbc385a6a0 JavaThread "Notification Thread" daemon [_thread_blocked, id=32584, stack(0x000000c567300000,0x000000c567400000)]
  0x000002bbc3fa9340 JavaThread "Active Thread: Equinox Container: ecc6e8c7-a120-405c-a6f9-295e30621bb5" [_thread_blocked, id=25104, stack(0x000000c567500000,0x000000c567600000)]
  0x000002bbc3fee040 JavaThread "Framework Event Dispatcher: Equinox Container: ecc6e8c7-a120-405c-a6f9-295e30621bb5" daemon [_thread_blocked, id=13980, stack(0x000000c567a00000,0x000000c567b00000)]
  0x000002bbc3d27890 JavaThread "Start Level: Equinox Container: ecc6e8c7-a120-405c-a6f9-295e30621bb5" daemon [_thread_in_native, id=31500, stack(0x000000c567b00000,0x000000c567c00000)]
  0x000002bbc3c24cd0 JavaThread "SCR Component Actor" daemon [_thread_blocked, id=10228, stack(0x000000c567c00000,0x000000c567d00000)]
  0x000002bbc4057030 JavaThread "SCR Component Registry" daemon [_thread_blocked, id=9020, stack(0x000000c567d00000,0x000000c567e00000)]
  0x000002bbc4347580 JavaThread "Worker-JM" [_thread_blocked, id=13948, stack(0x000000c567900000,0x000000c567a00000)]
  0x000002bbc43498f0 JavaThread "Worker-0" [_thread_blocked, id=14004, stack(0x000000c567e00000,0x000000c567f00000)]
  0x000002bbc4347fa0 JavaThread "Worker-1" [_thread_blocked, id=14268, stack(0x000000c567f00000,0x000000c568000000)]
=>0x000002bbc4615070 JavaThread "C2 CompilerThread1" daemon [_thread_in_native, id=31236, stack(0x000000c568000000,0x000000c568100000)]

Other Threads:
  0x000002bbbe33a120 VMThread "VM Thread" [stack: 0x000000c566800000,0x000000c566900000] [id=5516]
  0x000002bbc3874990 WatcherThread [stack: 0x000000c567400000,0x000000c567500000] [id=31604]
  0x000002bbaa523370 GCTaskThread "GC Thread#0" [stack: 0x000000c566700000,0x000000c566800000] [id=3344]
  0x000002bbc3cfb8b0 GCTaskThread "GC Thread#1" [stack: 0x000000c567600000,0x000000c567700000] [id=1840]
  0x000002bbc3cfbf80 GCTaskThread "GC Thread#2" [stack: 0x000000c567700000,0x000000c567800000] [id=13904]
  0x000002bbc3c25c20 GCTaskThread "GC Thread#3" [stack: 0x000000c567800000,0x000000c567900000] [id=4428]

Threads with active compile tasks:
C2 CompilerThread0     4268 2384       4       lombok.patcher.PatchScript$MethodPatcher::visitMethod (158 bytes)
C2 CompilerThread1     4268 2354       4       org.lombokweb.asm.ClassReader::readMethod (1066 bytes)

VM state: not at safepoint (normal execution)

VM Mutex/Monitor currently owned by a thread: None

Heap address: 0x00000000c0000000, size: 1024 MB, Compressed Oops mode: 32-bit

CDS archive(s) not mapped
Compressed class space mapped at: 0x0000000100000000-0x0000000140000000, reserved size: 1073741824
Narrow klass base: 0x0000000000000000, Narrow klass shift: 3, Narrow klass range: 0x140000000

GC Precious Log:
 CPUs: 4 total, 4 available
 Memory: 16225M
 Large Page Support: Disabled
 NUMA Support: Disabled
 Compressed Oops: Enabled (32-bit)
 Alignments: Space 512K, Generation 512K, Heap 2M
 Heap Min Capacity: 100M
 Heap Initial Capacity: 100M
 Heap Max Capacity: 1G
 Pre-touch: Disabled
 Parallel Workers: 4

Heap:
 PSYoungGen      total 26112K, used 15090K [0x00000000eab00000, 0x00000000ec880000, 0x0000000100000000)
  eden space 25088K, 57% used [0x00000000eab00000,0x00000000eb90fee0,0x00000000ec380000)
  from space 1024K, 67% used [0x00000000ec400000,0x00000000ec4acaf8,0x00000000ec500000)
  to   space 2560K, 0% used [0x00000000ec600000,0x00000000ec600000,0x00000000ec880000)
 ParOldGen       total 68608K, used 6682K [0x00000000c0000000, 0x00000000c4300000, 0x00000000eab00000)
  object space 68608K, 9% used [0x00000000c0000000,0x00000000c0686878,0x00000000c4300000)
 Metaspace       used 26263K, committed 26816K, reserved 1114112K
  class space    used 2564K, committed 2816K, reserved 1048576K

Card table byte_map: [0x000002bba9ea0000,0x000002bbaa0b0000] _byte_map_base: 0x000002bba98a0000

Marking Bits: (ParMarkBitMap*) 0x00007ff9e625d820
 Begin Bits: [0x000002bbbc1a0000, 0x000002bbbd1a0000)
 End Bits:   [0x000002bbbd1a0000, 0x000002bbbe1a0000)

Polling page: 0x000002bba84e0000

Metaspace:

Usage:
  Non-class:     23.14 MB used.
      Class:      2.50 MB used.
       Both:     25.65 MB used.

Virtual space:
  Non-class space:       64.00 MB reserved,      23.44 MB ( 37%) committed,  1 nodes.
      Class space:        1.00 GB reserved,       2.75 MB ( <1%) committed,  1 nodes.
             Both:        1.06 GB reserved,      26.19 MB (  2%) committed. 

Chunk freelists:
   Non-Class:  8.57 MB
       Class:  13.31 MB
        Both:  21.88 MB

MaxMetaspaceSize: unlimited
CompressedClassSpaceSize: 1.00 GB
Initial GC threshold: 21.00 MB
Current GC threshold: 35.00 MB
CDS: off
MetaspaceReclaimPolicy: balanced
 - commit_granule_bytes: 65536.
 - commit_granule_words: 8192.
 - virtual_space_node_default_size: 8388608.
 - enlarge_chunks_in_place: 1.
 - new_chunks_are_fully_committed: 0.
 - uncommit_free_chunks: 1.
 - use_allocation_guard: 0.
 - handle_deallocations: 1.


Internal statistics:

num_allocs_failed_limit: 3.
num_arena_births: 278.
num_arena_deaths: 14.
num_vsnodes_births: 2.
num_vsnodes_deaths: 0.
num_space_committed: 419.
num_space_uncommitted: 0.
num_chunks_returned_to_freelist: 17.
num_chunks_taken_from_freelist: 999.
num_chunk_merges: 7.
num_chunk_splits: 658.
num_chunks_enlarged: 459.
num_inconsistent_stats: 0.

CodeHeap 'non-profiled nmethods': size=120000Kb used=956Kb max_used=956Kb free=119043Kb
 bounds [0x000002bbb4c70000, 0x000002bbb4ee0000, 0x000002bbbc1a0000]
CodeHeap 'profiled nmethods': size=120000Kb used=4722Kb max_used=4722Kb free=115277Kb
 bounds [0x000002bbad1a0000, 0x000002bbad640000, 0x000002bbb46d0000]
CodeHeap 'non-nmethods': size=5760Kb used=1230Kb max_used=1244Kb free=4529Kb
 bounds [0x000002bbb46d0000, 0x000002bbb4940000, 0x000002bbb4c70000]
 total_blobs=2923 nmethods=2385 adapters=452
 compilation: enabled
              stopped_count=0, restarted_count=0
 full_count=0

Compilation events (20 events):
Event: 4.159 Thread 0x000002bbbe388970 nmethod 2377 0x000002bbb4d5e090 code [0x000002bbb4d5e200, 0x000002bbb4d5e278]
Event: 4.170 Thread 0x000002bbbe388970 2378   !   4       org.eclipse.osgi.container.ModuleRevisions::getCurrentRevision (56 bytes)
Event: 4.173 Thread 0x000002bbbe388970 nmethod 2378 0x000002bbb4d5e390 code [0x000002bbb4d5e520, 0x000002bbb4d5e8b8]
Event: 4.174 Thread 0x000002bbbe389ad0 2379       3       org.lombokweb.asm.SymbolTable::<init> (536 bytes)
Event: 4.177 Thread 0x000002bbbe389ad0 nmethod 2379 0x000002bbad632610 code [0x000002bbad632b80, 0x000002bbad635408]
Event: 4.177 Thread 0x000002bbbe388970 2380       4       lombok.patcher.MethodTarget::matches (29 bytes)
Event: 4.178 Thread 0x000002bbbe389ad0 2381       3       org.lombokweb.asm.SymbolTable::addConstantMethodref (24 bytes)
Event: 4.178 Thread 0x000002bbbe389ad0 nmethod 2381 0x000002bbad636510 code [0x000002bbad6366c0, 0x000002bbad636868]
Event: 4.178 Thread 0x000002bbbe389ad0 2382       3       org.lombokweb.asm.MethodVisitor::visitJumpInsn (17 bytes)
Event: 4.178 Thread 0x000002bbbe389ad0 nmethod 2382 0x000002bbad636910 code [0x000002bbad636ac0, 0x000002bbad636cc8]
Event: 4.178 Thread 0x000002bbbe389ad0 2383       3       org.lombokweb.asm.Label::addForwardReference (102 bytes)
Event: 4.178 Thread 0x000002bbbe389ad0 nmethod 2383 0x000002bbad636d90 code [0x000002bbad636f40, 0x000002bbad6373c8]
Event: 4.179 Thread 0x000002bbbe388970 nmethod 2380 0x000002bbb4d5eb10 code [0x000002bbb4d5eca0, 0x000002bbb4d5eef8]
Event: 4.179 Thread 0x000002bbbe388970 2384       4       lombok.patcher.PatchScript$MethodPatcher::visitMethod (158 bytes)
Event: 4.186 Thread 0x000002bbbe389ad0 2386       3       java.lang.String::split (327 bytes)
Event: 4.190 Thread 0x000002bbbe389ad0 nmethod 2386 0x000002bbad637590 code [0x000002bbad637b20, 0x000002bbad63adf8]
Event: 4.200 Thread 0x000002bbbe389ad0 2387       3       org.lombokweb.asm.ByteVector::putByteArray (49 bytes)
Event: 4.200 Thread 0x000002bbbe389ad0 nmethod 2387 0x000002bbad63c090 code [0x000002bbad63c240, 0x000002bbad63c518]
Event: 4.229 Thread 0x000002bbbe389ad0 2389       3       java.lang.String::subSequence (7 bytes)
Event: 4.229 Thread 0x000002bbbe389ad0 nmethod 2389 0x000002bbad63c610 code [0x000002bbad63c7a0, 0x000002bbad63c8e8]

GC Heap History (12 events):
Event: 1.121 GC heap before
{Heap before GC invocations=1 (full 0):
 PSYoungGen      total 29696K, used 25600K [0x00000000eab00000, 0x00000000ecc00000, 0x0000000100000000)
  eden space 25600K, 100% used [0x00000000eab00000,0x00000000ec400000,0x00000000ec400000)
  from space 4096K, 0% used [0x00000000ec800000,0x00000000ec800000,0x00000000ecc00000)
  to   space 4096K, 0% used [0x00000000ec400000,0x00000000ec400000,0x00000000ec800000)
 ParOldGen       total 68608K, used 0K [0x00000000c0000000, 0x00000000c4300000, 0x00000000eab00000)
  object space 68608K, 0% used [0x00000000c0000000,0x00000000c0000000,0x00000000c4300000)
 Metaspace       used 10981K, committed 11200K, reserved 1114112K
  class space    used 1094K, committed 1216K, reserved 1048576K
}
Event: 1.128 GC heap after
{Heap after GC invocations=1 (full 0):
 PSYoungGen      total 29696K, used 3124K [0x00000000eab00000, 0x00000000ecc00000, 0x0000000100000000)
  eden space 25600K, 0% used [0x00000000eab00000,0x00000000eab00000,0x00000000ec400000)
  from space 4096K, 76% used [0x00000000ec400000,0x00000000ec70d268,0x00000000ec800000)
  to   space 4096K, 0% used [0x00000000ec800000,0x00000000ec800000,0x00000000ecc00000)
 ParOldGen       total 68608K, used 16K [0x00000000c0000000, 0x00000000c4300000, 0x00000000eab00000)
  object space 68608K, 0% used [0x00000000c0000000,0x00000000c0004000,0x00000000c4300000)
 Metaspace       used 10981K, committed 11200K, reserved 1114112K
  class space    used 1094K, committed 1216K, reserved 1048576K
}
Event: 2.229 GC heap before
{Heap before GC invocations=2 (full 0):
 PSYoungGen      total 29696K, used 28724K [0x00000000eab00000, 0x00000000ecc00000, 0x0000000100000000)
  eden space 25600K, 100% used [0x00000000eab00000,0x00000000ec400000,0x00000000ec400000)
  from space 4096K, 76% used [0x00000000ec400000,0x00000000ec70d268,0x00000000ec800000)
  to   space 4096K, 0% used [0x00000000ec800000,0x00000000ec800000,0x00000000ecc00000)
 ParOldGen       total 68608K, used 16K [0x00000000c0000000, 0x00000000c4300000, 0x00000000eab00000)
  object space 68608K, 0% used [0x00000000c0000000,0x00000000c0004000,0x00000000c4300000)
 Metaspace       used 14742K, committed 15040K, reserved 1114112K
  class space    used 1492K, committed 1664K, reserved 1048576K
}
Event: 2.234 GC heap after
{Heap after GC invocations=2 (full 0):
 PSYoungGen      total 29696K, used 4083K [0x00000000eab00000, 0x00000000ecc00000, 0x0000000100000000)
  eden space 25600K, 0% used [0x00000000eab00000,0x00000000eab00000,0x00000000ec400000)
  from space 4096K, 99% used [0x00000000ec800000,0x00000000ecbfcf38,0x00000000ecc00000)
  to   space 4096K, 0% used [0x00000000ec400000,0x00000000ec400000,0x00000000ec800000)
 ParOldGen       total 68608K, used 778K [0x00000000c0000000, 0x00000000c4300000, 0x00000000eab00000)
  object space 68608K, 1% used [0x00000000c0000000,0x00000000c00c2b60,0x00000000c4300000)
 Metaspace       used 14742K, committed 15040K, reserved 1114112K
  class space    used 1492K, committed 1664K, reserved 1048576K
}
Event: 3.415 GC heap before
{Heap before GC invocations=3 (full 0):
 PSYoungGen      total 29696K, used 29683K [0x00000000eab00000, 0x00000000ecc00000, 0x0000000100000000)
  eden space 25600K, 100% used [0x00000000eab00000,0x00000000ec400000,0x00000000ec400000)
  from space 4096K, 99% used [0x00000000ec800000,0x00000000ecbfcf38,0x00000000ecc00000)
  to   space 4096K, 0% used [0x00000000ec400000,0x00000000ec400000,0x00000000ec800000)
 ParOldGen       total 68608K, used 778K [0x00000000c0000000, 0x00000000c4300000, 0x00000000eab00000)
  object space 68608K, 1% used [0x00000000c0000000,0x00000000c00c2b60,0x00000000c4300000)
 Metaspace       used 19776K, committed 20160K, reserved 1114112K
  class space    used 2016K, committed 2176K, reserved 1048576K
}
Event: 3.419 GC heap after
{Heap after GC invocations=3 (full 0):
 PSYoungGen      total 29696K, used 4074K [0x00000000eab00000, 0x00000000ecc00000, 0x0000000100000000)
  eden space 25600K, 0% used [0x00000000eab00000,0x00000000eab00000,0x00000000ec400000)
  from space 4096K, 99% used [0x00000000ec400000,0x00000000ec7faae0,0x00000000ec800000)
  to   space 4096K, 0% used [0x00000000ec800000,0x00000000ec800000,0x00000000ecc00000)
 ParOldGen       total 68608K, used 2457K [0x00000000c0000000, 0x00000000c4300000, 0x00000000eab00000)
  object space 68608K, 3% used [0x00000000c0000000,0x00000000c0266408,0x00000000c4300000)
 Metaspace       used 19776K, committed 20160K, reserved 1114112K
  class space    used 2016K, committed 2176K, reserved 1048576K
}
Event: 3.672 GC heap before
{Heap before GC invocations=4 (full 0):
 PSYoungGen      total 29696K, used 11808K [0x00000000eab00000, 0x00000000ecc00000, 0x0000000100000000)
  eden space 25600K, 30% used [0x00000000eab00000,0x00000000eb28d520,0x00000000ec400000)
  from space 4096K, 99% used [0x00000000ec400000,0x00000000ec7faae0,0x00000000ec800000)
  to   space 4096K, 0% used [0x00000000ec800000,0x00000000ec800000,0x00000000ecc00000)
 ParOldGen       total 68608K, used 2457K [0x00000000c0000000, 0x00000000c4300000, 0x00000000eab00000)
  object space 68608K, 3% used [0x00000000c0000000,0x00000000c0266408,0x00000000c4300000)
 Metaspace       used 21084K, committed 21504K, reserved 1114112K
  class space    used 2161K, committed 2368K, reserved 1048576K
}
Event: 3.676 GC heap after
{Heap after GC invocations=4 (full 0):
 PSYoungGen      total 29696K, used 4074K [0x00000000eab00000, 0x00000000ecc00000, 0x0000000100000000)
  eden space 25600K, 0% used [0x00000000eab00000,0x00000000eab00000,0x00000000ec400000)
  from space 4096K, 99% used [0x00000000ec800000,0x00000000ecbfaae0,0x00000000ecc00000)
  to   space 4096K, 0% used [0x00000000ec400000,0x00000000ec400000,0x00000000ec800000)
 ParOldGen       total 68608K, used 2745K [0x00000000c0000000, 0x00000000c4300000, 0x00000000eab00000)
  object space 68608K, 4% used [0x00000000c0000000,0x00000000c02ae418,0x00000000c4300000)
 Metaspace       used 21084K, committed 21504K, reserved 1114112K
  class space    used 2161K, committed 2368K, reserved 1048576K
}
Event: 3.676 GC heap before
{Heap before GC invocations=5 (full 1):
 PSYoungGen      total 29696K, used 4074K [0x00000000eab00000, 0x00000000ecc00000, 0x0000000100000000)
  eden space 25600K, 0% used [0x00000000eab00000,0x00000000eab00000,0x00000000ec400000)
  from space 4096K, 99% used [0x00000000ec800000,0x00000000ecbfaae0,0x00000000ecc00000)
  to   space 4096K, 0% used [0x00000000ec400000,0x00000000ec400000,0x00000000ec800000)
 ParOldGen       total 68608K, used 2745K [0x00000000c0000000, 0x00000000c4300000, 0x00000000eab00000)
  object space 68608K, 4% used [0x00000000c0000000,0x00000000c02ae418,0x00000000c4300000)
 Metaspace       used 21084K, committed 21504K, reserved 1114112K
  class space    used 2161K, committed 2368K, reserved 1048576K
}
Event: 3.700 GC heap after
{Heap after GC invocations=5 (full 1):
 PSYoungGen      total 29696K, used 0K [0x00000000eab00000, 0x00000000ecc00000, 0x0000000100000000)
  eden space 25600K, 0% used [0x00000000eab00000,0x00000000eab00000,0x00000000ec400000)
  from space 4096K, 0% used [0x00000000ec800000,0x00000000ec800000,0x00000000ecc00000)
  to   space 4096K, 0% used [0x00000000ec400000,0x00000000ec400000,0x00000000ec800000)
 ParOldGen       total 68608K, used 6682K [0x00000000c0000000, 0x00000000c4300000, 0x00000000eab00000)
  object space 68608K, 9% used [0x00000000c0000000,0x00000000c0686878,0x00000000c4300000)
 Metaspace       used 21071K, committed 21504K, reserved 1114112K
  class space    used 2158K, committed 2368K, reserved 1048576K
}
Event: 4.014 GC heap before
{Heap before GC invocations=6 (full 1):
 PSYoungGen      total 29696K, used 25600K [0x00000000eab00000, 0x00000000ecc00000, 0x0000000100000000)
  eden space 25600K, 100% used [0x00000000eab00000,0x00000000ec400000,0x00000000ec400000)
  from space 4096K, 0% used [0x00000000ec800000,0x00000000ec800000,0x00000000ecc00000)
  to   space 4096K, 0% used [0x00000000ec400000,0x00000000ec400000,0x00000000ec800000)
 ParOldGen       total 68608K, used 6682K [0x00000000c0000000, 0x00000000c4300000, 0x00000000eab00000)
  object space 68608K, 9% used [0x00000000c0000000,0x00000000c0686878,0x00000000c4300000)
 Metaspace       used 24062K, committed 24512K, reserved 1114112K
  class space    used 2364K, committed 2560K, reserved 1048576K
}
Event: 4.015 GC heap after
{Heap after GC invocations=6 (full 1):
 PSYoungGen      total 26112K, used 690K [0x00000000eab00000, 0x00000000ec880000, 0x0000000100000000)
  eden space 25088K, 0% used [0x00000000eab00000,0x00000000eab00000,0x00000000ec380000)
  from space 1024K, 67% used [0x00000000ec400000,0x00000000ec4acaf8,0x00000000ec500000)
  to   space 2560K, 0% used [0x00000000ec600000,0x00000000ec600000,0x00000000ec880000)
 ParOldGen       total 68608K, used 6682K [0x00000000c0000000, 0x00000000c4300000, 0x00000000eab00000)
  object space 68608K, 9% used [0x00000000c0000000,0x00000000c0686878,0x00000000c4300000)
 Metaspace       used 24062K, committed 24512K, reserved 1114112K
  class space    used 2364K, committed 2560K, reserved 1048576K
}

Dll operation events (9 events):
Event: 0.007 Loaded shared library c:\Users\user\.vscode\extensions\redhat.java-1.32.0-win32-x64\jre\17.0.11-win32-x86_64\bin\java.dll
Event: 0.164 Loaded shared library c:\Users\user\.vscode\extensions\redhat.java-1.32.0-win32-x64\jre\17.0.11-win32-x86_64\bin\zip.dll
Event: 0.167 Loaded shared library C:\Users\user\.vscode\extensions\redhat.java-1.32.0-win32-x64\jre\17.0.11-win32-x86_64\bin\instrument.dll
Event: 0.182 Loaded shared library C:\Users\user\.vscode\extensions\redhat.java-1.32.0-win32-x64\jre\17.0.11-win32-x86_64\bin\net.dll
Event: 0.184 Loaded shared library C:\Users\user\.vscode\extensions\redhat.java-1.32.0-win32-x64\jre\17.0.11-win32-x86_64\bin\nio.dll
Event: 0.194 Loaded shared library C:\Users\user\.vscode\extensions\redhat.java-1.32.0-win32-x64\jre\17.0.11-win32-x86_64\bin\zip.dll
Event: 0.214 Loaded shared library C:\Users\user\.vscode\extensions\redhat.java-1.32.0-win32-x64\jre\17.0.11-win32-x86_64\bin\jimage.dll
Event: 0.305 Loaded shared library c:\Users\user\.vscode\extensions\redhat.java-1.32.0-win32-x64\jre\17.0.11-win32-x86_64\bin\verify.dll
Event: 2.059 Loaded shared library C:\Users\user\AppData\Roaming\Code\User\globalStorage\redhat.java\1.32.0\config_ss_win\org.eclipse.equinox.launcher\org.eclipse.equinox.launcher.win32.win32.x86_64_1.2.1100.v20240613-2013\eclipse_11903.dll

Deoptimization events (20 events):
Event: 3.728 Thread 0x000002bbc3d27890 Uncommon trap: trap_request=0xffffffde fr.pc=0x000002bbb4d4e1c4 relative=0x0000000000000124
Event: 3.728 Thread 0x000002bbc3d27890 Uncommon trap: reason=class_check action=maybe_recompile pc=0x000002bbb4d4e1c4 method=jdk.internal.misc.Unsafe.allocateUninitializedArray(Ljava/lang/Class;I)Ljava/lang/Object; @ 51 c2
Event: 3.728 Thread 0x000002bbc3d27890 DEOPT PACKING pc=0x000002bbb4d4e1c4 sp=0x000000c567bf6dc0
Event: 3.728 Thread 0x000002bbc3d27890 DEOPT UNPACKING pc=0x000002bbb47266a3 sp=0x000000c567bf6d48 mode 2
Event: 3.729 Thread 0x000002bbc3d27890 Uncommon trap: trap_request=0xffffffde fr.pc=0x000002bbb4d4e1c4 relative=0x0000000000000124
Event: 3.729 Thread 0x000002bbc3d27890 Uncommon trap: reason=class_check action=maybe_recompile pc=0x000002bbb4d4e1c4 method=jdk.internal.misc.Unsafe.allocateUninitializedArray(Ljava/lang/Class;I)Ljava/lang/Object; @ 51 c2
Event: 3.729 Thread 0x000002bbc3d27890 DEOPT PACKING pc=0x000002bbb4d4e1c4 sp=0x000000c567bf6d70
Event: 3.730 Thread 0x000002bbc3d27890 DEOPT UNPACKING pc=0x000002bbb47266a3 sp=0x000000c567bf6cf8 mode 2
Event: 3.737 Thread 0x000002bbc3d27890 Uncommon trap: trap_request=0xffffffde fr.pc=0x000002bbb4d4e1c4 relative=0x0000000000000124
Event: 3.737 Thread 0x000002bbc3d27890 Uncommon trap: reason=class_check action=maybe_recompile pc=0x000002bbb4d4e1c4 method=jdk.internal.misc.Unsafe.allocateUninitializedArray(Ljava/lang/Class;I)Ljava/lang/Object; @ 51 c2
Event: 3.737 Thread 0x000002bbc3d27890 DEOPT PACKING pc=0x000002bbb4d4e1c4 sp=0x000000c567bf62d0
Event: 3.737 Thread 0x000002bbc3d27890 DEOPT UNPACKING pc=0x000002bbb47266a3 sp=0x000000c567bf6258 mode 2
Event: 4.132 Thread 0x000002bbc3d27890 Uncommon trap: trap_request=0xffffff45 fr.pc=0x000002bbb4d5993c relative=0x000000000000013c
Event: 4.132 Thread 0x000002bbc3d27890 Uncommon trap: reason=unstable_if action=reinterpret pc=0x000002bbb4d5993c method=org.lombokweb.asm.ByteVector.putByteArray([BII)Lorg/lombokweb/asm/ByteVector; @ 20 c2
Event: 4.132 Thread 0x000002bbc3d27890 DEOPT PACKING pc=0x000002bbb4d5993c sp=0x000000c567bf2b20
Event: 4.132 Thread 0x000002bbc3d27890 DEOPT UNPACKING pc=0x000002bbb47266a3 sp=0x000000c567bf2af0 mode 2
Event: 4.132 Thread 0x000002bbc3d27890 Uncommon trap: trap_request=0xffffff45 fr.pc=0x000002bbb4d59f74 relative=0x0000000000000354
Event: 4.132 Thread 0x000002bbc3d27890 Uncommon trap: reason=unstable_if action=reinterpret pc=0x000002bbb4d59f74 method=org.lombokweb.asm.Label.resolve([BLorg/lombokweb/asm/ByteVector;I)Z @ 81 c2
Event: 4.132 Thread 0x000002bbc3d27890 DEOPT PACKING pc=0x000002bbb4d59f74 sp=0x000000c567bf2ba0
Event: 4.132 Thread 0x000002bbc3d27890 DEOPT UNPACKING pc=0x000002bbb47266a3 sp=0x000000c567bf2aa8 mode 2

Classes unloaded (7 events):
Event: 3.680 Thread 0x000002bbbe33a120 Unloading class 0x0000000100217800 'java/lang/invoke/LambdaForm$MH+0x0000000100217800'
Event: 3.680 Thread 0x000002bbbe33a120 Unloading class 0x0000000100217400 'java/lang/invoke/LambdaForm$MH+0x0000000100217400'
Event: 3.680 Thread 0x000002bbbe33a120 Unloading class 0x0000000100217000 'java/lang/invoke/LambdaForm$MH+0x0000000100217000'
Event: 3.680 Thread 0x000002bbbe33a120 Unloading class 0x0000000100216c00 'java/lang/invoke/LambdaForm$MH+0x0000000100216c00'
Event: 3.680 Thread 0x000002bbbe33a120 Unloading class 0x0000000100216800 'java/lang/invoke/LambdaForm$BMH+0x0000000100216800'
Event: 3.680 Thread 0x000002bbbe33a120 Unloading class 0x0000000100216400 'java/lang/invoke/LambdaForm$DMH+0x0000000100216400'
Event: 3.680 Thread 0x000002bbbe33a120 Unloading class 0x0000000100212800 'java/lang/invoke/LambdaForm$DMH+0x0000000100212800'

Classes redefined (0 events):
No events

Internal exceptions (20 events):
Event: 3.271 Thread 0x000002bbc3d27890 Exception <a 'java/lang/NoSuchMethodError'{0x00000000ec077218}: 'java.lang.Object java.lang.invoke.DirectMethodHandle$Holder.invokeStatic(java.lang.Object, java.lang.Object, java.lang.Object, java.lang.Object, int)'> (0x00000000ec077218) 
thrown [s\src\hotspot\share\interpreter\linkResolver.cpp, line 759]
Event: 3.276 Thread 0x000002bbc3d27890 Exception <a 'java/lang/NoSuchMethodError'{0x00000000ec083210}: 'java.lang.Object java.lang.invoke.DelegatingMethodHandle$Holder.reinvoke_L(java.lang.Object, java.lang.Object, java.lang.Object, java.lang.Object, int, int)'> (0x00000000ec083210) 
thrown [s\src\hotspot\share\interpreter\linkResolver.cpp, line 759]
Event: 3.282 Thread 0x000002bbc3d27890 Exception <a 'java/lang/NoSuchMethodError'{0x00000000ec097630}: 'java.lang.Object java.lang.invoke.Invokers$Holder.invokeExact_MT(java.lang.Object, java.lang.Object, java.lang.Object, java.lang.Object)'> (0x00000000ec097630) 
thrown [s\src\hotspot\share\interpreter\linkResolver.cpp, line 759]
Event: 3.395 Thread 0x000002bbc3d27890 Exception <a 'java/io/FileNotFoundException'{0x00000000ec327338}> (0x00000000ec327338) 
thrown [s\src\hotspot\share\prims\jni.cpp, line 516]
Event: 3.396 Thread 0x000002bbc3d27890 Exception <a 'java/io/FileNotFoundException'{0x00000000ec32e858}> (0x00000000ec32e858) 
thrown [s\src\hotspot\share\prims\jni.cpp, line 516]
Event: 3.458 Thread 0x000002bbc3d27890 Exception <a 'java/lang/NoSuchMethodError'{0x00000000ead0a970}: 'java.lang.Object java.lang.invoke.DirectMethodHandle$Holder.newInvokeSpecial(java.lang.Object, java.lang.Object, java.lang.Object, java.lang.Object, java.lang.Object)'> (0x00000000ead0a970) 
thrown [s\src\hotspot\share\interpreter\linkResolver.cpp, line 759]
Event: 3.494 Thread 0x000002bbc3d27890 Exception <a 'java/lang/NoSuchMethodError'{0x00000000eaec7db8}: 'java.lang.Object java.lang.invoke.DirectMethodHandle$Holder.invokeStaticInit(java.lang.Object, int)'> (0x00000000eaec7db8) 
thrown [s\src\hotspot\share\interpreter\linkResolver.cpp, line 759]
Event: 3.626 Thread 0x000002bbc3d27890 Exception <a 'java/lang/NoSuchMethodError'{0x00000000eb1036e0}: 'java.lang.Object java.lang.invoke.DirectMethodHandle$Holder.invokeSpecial(java.lang.Object, java.lang.Object, java.lang.Object, long, java.lang.Object)'> (0x00000000eb1036e0) 
thrown [s\src\hotspot\share\interpreter\linkResolver.cpp, line 759]
Event: 3.627 Thread 0x000002bbc3d27890 Exception <a 'java/lang/NoSuchMethodError'{0x00000000eb10b898}: 'java.lang.Object java.lang.invoke.DirectMethodHandle$Holder.newInvokeSpecial(java.lang.Object, java.lang.Object, java.lang.Object, long)'> (0x00000000eb10b898) 
thrown [s\src\hotspot\share\interpreter\linkResolver.cpp, line 759]
Event: 3.627 Thread 0x000002bbc3d27890 Exception <a 'java/lang/NoSuchMethodError'{0x00000000eb10fe38}: 'java.lang.Object java.lang.invoke.DirectMethodHandle$Holder.invokeSpecial(java.lang.Object, java.lang.Object, java.lang.Object, java.lang.Object, long)'> (0x00000000eb10fe38) 
thrown [s\src\hotspot\share\interpreter\linkResolver.cpp, line 759]
Event: 3.628 Thread 0x000002bbc3d27890 Exception <a 'java/lang/NoSuchMethodError'{0x00000000eb113cb0}: 'java.lang.Object java.lang.invoke.Invokers$Holder.linkToTargetMethod(java.lang.Object, java.lang.Object, long, java.lang.Object)'> (0x00000000eb113cb0) 
thrown [s\src\hotspot\share\interpreter\linkResolver.cpp, line 759]
Event: 3.635 Thread 0x000002bbc3d27890 Exception <a 'java/lang/NoSuchMethodError'{0x00000000eb167788}: 'int java.lang.invoke.DirectMethodHandle$Holder.invokeStaticInit(java.lang.Object, java.lang.Object, java.lang.Object)'> (0x00000000eb167788) 
thrown [s\src\hotspot\share\interpreter\linkResolver.cpp, line 759]
Event: 3.645 Thread 0x000002bbc3d27890 Exception <a 'java/lang/IncompatibleClassChangeError'{0x00000000eb20b660}: Found class java.lang.Object, but interface was expected> (0x00000000eb20b660) 
thrown [s\src\hotspot\share\interpreter\linkResolver.cpp, line 826]
Event: 3.648 Thread 0x000002bbc3d27890 Exception <a 'java/lang/NoSuchMethodError'{0x00000000eb21e480}: 'java.lang.Object java.lang.invoke.DirectMethodHandle$Holder.invokeSpecial(java.lang.Object, java.lang.Object, java.lang.Object, int, java.lang.Object, java.lang.Object)'> (0x00000000eb21e480) 
thrown [s\src\hotspot\share\interpreter\linkResolver.cpp, line 759]
Event: 3.649 Thread 0x000002bbc3d27890 Exception <a 'java/lang/NoSuchMethodError'{0x00000000eb226c08}: 'java.lang.Object java.lang.invoke.DirectMethodHandle$Holder.newInvokeSpecial(java.lang.Object, java.lang.Object, java.lang.Object, int, java.lang.Object)'> (0x00000000eb226c08) 
thrown [s\src\hotspot\share\interpreter\linkResolver.cpp, line 759]
Event: 3.650 Thread 0x000002bbc3d27890 Exception <a 'java/lang/NoSuchMethodError'{0x00000000eb22b060}: 'java.lang.Object java.lang.invoke.DirectMethodHandle$Holder.invokeSpecial(java.lang.Object, java.lang.Object, java.lang.Object, java.lang.Object, int, java.lang.Object)'> (0x00000000eb22b060) 
thrown [s\src\hotspot\share\interpreter\linkResolver.cpp, line 759]
Event: 3.650 Thread 0x000002bbc43498f0 Exception <a 'java/lang/NoSuchMethodError'{0x00000000eb1db908}: 'java.lang.Object java.lang.invoke.DirectMethodHandle$Holder.invokeSpecial(java.lang.Object, java.lang.Object, int, java.lang.Object, java.lang.Object)'> (0x00000000eb1db908) 
thrown [s\src\hotspot\share\interpreter\linkResolver.cpp, line 759]
Event: 3.651 Thread 0x000002bbc43498f0 Exception <a 'java/lang/NoSuchMethodError'{0x00000000eb1e2fd8}: 'java.lang.Object java.lang.invoke.DirectMethodHandle$Holder.newInvokeSpecial(java.lang.Object, java.lang.Object, int, java.lang.Object)'> (0x00000000eb1e2fd8) 
thrown [s\src\hotspot\share\interpreter\linkResolver.cpp, line 759]
Event: 3.651 Thread 0x000002bbc43498f0 Exception <a 'java/lang/NoSuchMethodError'{0x00000000eb1e6ae8}: 'java.lang.Object java.lang.invoke.DirectMethodHandle$Holder.invokeSpecial(java.lang.Object, java.lang.Object, java.lang.Object, int, java.lang.Object)'> (0x00000000eb1e6ae8) 
thrown [s\src\hotspot\share\interpreter\linkResolver.cpp, line 759]
Event: 4.132 Thread 0x000002bbc3d27890 Implicit null exception at 0x000002bbb4d59849 to 0x000002bbb4d5991c

VM Operations (20 events):
Event: 2.189 Executing VM operation: HandshakeAllThreads
Event: 2.189 Executing VM operation: HandshakeAllThreads done
Event: 2.189 Executing VM operation: Cleanup
Event: 2.190 Executing VM operation: Cleanup done
Event: 2.229 Executing VM operation: ParallelGCFailedAllocation
Event: 2.234 Executing VM operation: ParallelGCFailedAllocation done
Event: 2.886 Executing VM operation: HandshakeAllThreads
Event: 2.887 Executing VM operation: HandshakeAllThreads done
Event: 3.260 Executing VM operation: HandshakeAllThreads
Event: 3.260 Executing VM operation: HandshakeAllThreads done
Event: 3.260 Executing VM operation: Cleanup
Event: 3.260 Executing VM operation: Cleanup done
Event: 3.415 Executing VM operation: ParallelGCFailedAllocation
Event: 3.419 Executing VM operation: ParallelGCFailedAllocation done
Event: 3.672 Executing VM operation: CollectForMetadataAllocation
Event: 3.700 Executing VM operation: CollectForMetadataAllocation done
Event: 3.732 Executing VM operation: HandshakeAllThreads
Event: 3.732 Executing VM operation: HandshakeAllThreads done
Event: 4.014 Executing VM operation: ParallelGCFailedAllocation
Event: 4.015 Executing VM operation: ParallelGCFailedAllocation done

Events (20 events):
Event: 3.792 loading class java/io/StringReader done
Event: 3.793 loading class java/util/zip/GZIPInputStream
Event: 3.793 loading class java/util/zip/GZIPInputStream done
Event: 3.802 loading class java/net/SocketTimeoutException
Event: 3.802 loading class java/io/InterruptedIOException
Event: 3.802 loading class java/io/InterruptedIOException done
Event: 3.802 loading class java/net/SocketTimeoutException done
Event: 3.802 loading class java/net/SocketException
Event: 3.802 loading class java/net/SocketException done
Event: 3.802 loading class java/net/UnknownHostException
Event: 3.802 loading class java/net/UnknownHostException done
Event: 3.802 loading class java/net/ProtocolException
Event: 3.802 loading class java/net/ProtocolException done
Event: 3.832 loading class java/lang/ThreadLocal$SuppliedThreadLocal
Event: 3.832 loading class java/lang/ThreadLocal$SuppliedThreadLocal done
Event: 3.844 loading class java/io/FileWriter
Event: 3.844 loading class java/io/FileWriter done
Event: 3.884 Thread 0x000002bbc4615070 Thread added: 0x000002bbc4615070
Event: 3.921 loading class java/lang/NegativeArraySizeException
Event: 3.921 loading class java/lang/NegativeArraySizeException done


Dynamic libraries:
0x00007ff683370000 - 0x00007ff68337e000 	c:\Users\user\.vscode\extensions\redhat.java-1.32.0-win32-x64\jre\17.0.11-win32-x86_64\bin\java.exe
0x00007ffa23660000 - 0x00007ffa23850000 	C:\Windows\SYSTEM32\ntdll.dll
0x00007ffa218f0000 - 0x00007ffa219a2000 	C:\Windows\System32\KERNEL32.DLL
0x00007ffa208f0000 - 0x00007ffa20b93000 	C:\Windows\System32\KERNELBASE.dll
0x00007ffa215c0000 - 0x00007ffa216ba000 	C:\Windows\System32\ucrtbase.dll
0x00007ffa1c820000 - 0x00007ffa1c837000 	c:\Users\user\.vscode\extensions\redhat.java-1.32.0-win32-x64\jre\17.0.11-win32-x86_64\bin\jli.dll
0x00007ffa1c840000 - 0x00007ffa1c85b000 	c:\Users\user\.vscode\extensions\redhat.java-1.32.0-win32-x64\jre\17.0.11-win32-x86_64\bin\VCRUNTIME140.dll
0x00007ffa219b0000 - 0x00007ffa21b43000 	C:\Windows\System32\USER32.dll
0x00007ffa216c0000 - 0x00007ffa216e1000 	C:\Windows\System32\win32u.dll
0x00007ffa21db0000 - 0x00007ffa21dd6000 	C:\Windows\System32\GDI32.dll
0x00007ffa213d0000 - 0x00007ffa21564000 	C:\Windows\System32\gdi32full.dll
0x00007ffa0a660000 - 0x00007ffa0a8e5000 	C:\Windows\WinSxS\amd64_microsoft.windows.common-controls_6595b64144ccf1df_6.0.18362.329_none_e6c7b0c7130c72de\COMCTL32.dll
0x00007ffa205f0000 - 0x00007ffa2068e000 	C:\Windows\System32\msvcp_win.dll
0x00007ffa217c0000 - 0x00007ffa2185e000 	C:\Windows\System32\msvcrt.dll
0x00007ffa23230000 - 0x00007ffa23566000 	C:\Windows\System32\combase.dll
0x00007ffa21f70000 - 0x00007ffa22090000 	C:\Windows\System32\RPCRT4.dll
0x00007ffa20870000 - 0x00007ffa208f0000 	C:\Windows\System32\bcryptPrimitives.dll
0x00007ffa21860000 - 0x00007ffa2188e000 	C:\Windows\System32\IMM32.DLL
0x00007ffa1c810000 - 0x00007ffa1c81c000 	c:\Users\user\.vscode\extensions\redhat.java-1.32.0-win32-x64\jre\17.0.11-win32-x86_64\bin\vcruntime140_1.dll
0x00007ffa0de10000 - 0x00007ffa0de9d000 	c:\Users\user\.vscode\extensions\redhat.java-1.32.0-win32-x64\jre\17.0.11-win32-x86_64\bin\msvcp140.dll
0x00007ff9e56c0000 - 0x00007ff9e6322000 	c:\Users\user\.vscode\extensions\redhat.java-1.32.0-win32-x64\jre\17.0.11-win32-x86_64\bin\server\jvm.dll
0x00007ffa21710000 - 0x00007ffa217b3000 	C:\Windows\System32\ADVAPI32.dll
0x00007ffa22090000 - 0x00007ffa22127000 	C:\Windows\System32\sechost.dll
0x00007ffa20560000 - 0x00007ffa205aa000 	C:\Windows\System32\POWRPROF.dll
0x00007ffa20530000 - 0x00007ffa20540000 	C:\Windows\System32\UMPDC.dll
0x00007ffa0ad30000 - 0x00007ffa0ad39000 	C:\Windows\SYSTEM32\WSOCK32.dll
0x00007ffa1e240000 - 0x00007ffa1e264000 	C:\Windows\SYSTEM32\WINMM.dll
0x00007ffa17220000 - 0x00007ffa1722a000 	C:\Windows\SYSTEM32\VERSION.dll
0x00007ffa22130000 - 0x00007ffa2219f000 	C:\Windows\System32\WS2_32.dll
0x00007ffa1dfc0000 - 0x00007ffa1dfed000 	C:\Windows\SYSTEM32\WINMMBASE.dll
0x00007ffa21570000 - 0x00007ffa215ba000 	C:\Windows\System32\cfgmgr32.dll
0x00007ffa205b0000 - 0x00007ffa205c1000 	C:\Windows\System32\kernel.appcore.dll
0x00007ffa1c7e0000 - 0x00007ffa1c7ea000 	c:\Users\user\.vscode\extensions\redhat.java-1.32.0-win32-x64\jre\17.0.11-win32-x86_64\bin\jimage.dll
0x00007ffa1eb90000 - 0x00007ffa1ed84000 	C:\Windows\SYSTEM32\DBGHELP.DLL
0x00007ffa118e0000 - 0x00007ffa1190a000 	C:\Windows\SYSTEM32\dbgcore.DLL
0x00007ffa1c7d0000 - 0x00007ffa1c7de000 	c:\Users\user\.vscode\extensions\redhat.java-1.32.0-win32-x64\jre\17.0.11-win32-x86_64\bin\instrument.dll
0x00007ffa1ad90000 - 0x00007ffa1adb5000 	c:\Users\user\.vscode\extensions\redhat.java-1.32.0-win32-x64\jre\17.0.11-win32-x86_64\bin\java.dll
0x00007ffa19ee0000 - 0x00007ffa19ef8000 	c:\Users\user\.vscode\extensions\redhat.java-1.32.0-win32-x64\jre\17.0.11-win32-x86_64\bin\zip.dll
0x00007ffa223e0000 - 0x00007ffa22ac5000 	C:\Windows\System32\SHELL32.dll
0x00007ffa21df0000 - 0x00007ffa21e99000 	C:\Windows\System32\shcore.dll
0x00007ffa20c50000 - 0x00007ffa213ce000 	C:\Windows\System32\windows.storage.dll
0x00007ffa20540000 - 0x00007ffa2055f000 	C:\Windows\System32\profapi.dll
0x00007ffa23080000 - 0x00007ffa230d2000 	C:\Windows\System32\shlwapi.dll
0x00007ffa216f0000 - 0x00007ffa21707000 	C:\Windows\System32\cryptsp.dll
0x00007ffa19ec0000 - 0x00007ffa19ed9000 	C:\Users\user\.vscode\extensions\redhat.java-1.32.0-win32-x64\jre\17.0.11-win32-x86_64\bin\net.dll
0x00007ffa0dca0000 - 0x00007ffa0dd90000 	C:\Windows\SYSTEM32\WINHTTP.dll
0x00007ffa1fd40000 - 0x00007ffa1fda7000 	C:\Windows\system32\mswsock.dll
0x00007ffa19d30000 - 0x00007ffa19d46000 	C:\Users\user\.vscode\extensions\redhat.java-1.32.0-win32-x64\jre\17.0.11-win32-x86_64\bin\nio.dll
0x00007ffa1c7c0000 - 0x00007ffa1c7d0000 	c:\Users\user\.vscode\extensions\redhat.java-1.32.0-win32-x64\jre\17.0.11-win32-x86_64\bin\verify.dll
0x00007ffa0c910000 - 0x00007ffa0c954000 	C:\Users\user\AppData\Roaming\Code\User\globalStorage\redhat.java\1.32.0\config_ss_win\org.eclipse.equinox.launcher\org.eclipse.equinox.launcher.win32.win32.x86_64_1.2.1100.v20240613-2013\eclipse_11903.dll
0x00007ffa22210000 - 0x00007ffa22366000 	C:\Windows\System32\ole32.dll

dbghelp: loaded successfully - version: 4.0.5 - missing functions: none
symbol engine: initialized successfully - sym options: 0x614 - pdb path: .;c:\Users\user\.vscode\extensions\redhat.java-1.32.0-win32-x64\jre\17.0.11-win32-x86_64\bin;C:\Windows\SYSTEM32;C:\Windows\WinSxS\amd64_microsoft.windows.common-controls_6595b64144ccf1df_6.0.18362.329_none_e6c7b0c7130c72de;c:\Users\user\.vscode\extensions\redhat.java-1.32.0-win32-x64\jre\17.0.11-win32-x86_64\bin\server;C:\Users\user\AppData\Roaming\Code\User\globalStorage\redhat.java\1.32.0\config_ss_win\org.eclipse.equinox.launcher\org.eclipse.equinox.launcher.win32.win32.x86_64_1.2.1100.v20240613-2013

VM Arguments:
jvm_args: --add-modules=ALL-SYSTEM --add-opens=java.base/java.util=ALL-UNNAMED --add-opens=java.base/java.lang=ALL-UNNAMED --add-opens=java.base/sun.nio.fs=ALL-UNNAMED -Declipse.application=org.eclipse.jdt.ls.core.id1 -Dosgi.bundles.defaultStartLevel=4 -Declipse.product=org.eclipse.jdt.ls.core.product -Djava.import.generatesMetadataFilesAtProjectRoot=false -DDetectVMInstallationsJob.disabled=true -Dfile.encoding=utf8 -XX:+UseParallelGC -XX:GCTimeRatio=4 -XX:AdaptiveSizePolicyWeight=90 -Dsun.zip.disableMemoryMapping=true -Xmx1G -Xms100m -Xlog:disable -javaagent:c:\Users\user\.vscode\extensions\redhat.java-1.32.0-win32-x64\lombok\lombok-1.18.33.jar 
java_command: c:\Users\user\.vscode\extensions\redhat.java-1.32.0-win32-x64\server\plugins\org.eclipse.equinox.launcher_1.6.900.v20240613-2009.jar -configuration c:\Users\user\AppData\Roaming\Code\User\globalStorage\redhat.java\1.32.0\config_ss_win -data c:\Users\user\AppData\Roaming\Code\User\workspaceStorage\de7f6aadfe4596510ff6b265ddbec6d2\redhat.java\ss_ws --pipe=\\.\pipe\lsp-2eb58ee2f424acf781a55efbab5e5537-sock
java_class_path (initial): c:\Users\user\.vscode\extensions\redhat.java-1.32.0-win32-x64\server\plugins\org.eclipse.equinox.launcher_1.6.900.v20240613-2009.jar
Launcher Type: SUN_STANDARD

[Global flags]
    uintx AdaptiveSizePolicyWeight                 = 90                                        {product} {command line}
     intx CICompilerCount                          = 3                                         {product} {ergonomic}
    uintx GCTimeRatio                              = 4                                         {product} {command line}
   size_t InitialHeapSize                          = 104857600                                 {product} {command line}
   size_t MaxHeapSize                              = 1073741824                                {product} {command line}
   size_t MaxNewSize                               = 357564416                                 {product} {ergonomic}
   size_t MinHeapDeltaBytes                        = 524288                                    {product} {ergonomic}
   size_t MinHeapSize                              = 104857600                                 {product} {command line}
   size_t NewSize                                  = 34603008                                  {product} {ergonomic}
    uintx NonNMethodCodeHeapSize                   = 5832780                                {pd product} {ergonomic}
    uintx NonProfiledCodeHeapSize                  = 122912730                              {pd product} {ergonomic}
   size_t OldSize                                  = 70254592                                  {product} {ergonomic}
    uintx ProfiledCodeHeapSize                     = 122912730                              {pd product} {ergonomic}
    uintx ReservedCodeCacheSize                    = 251658240                              {pd product} {ergonomic}
     bool SegmentedCodeCache                       = true                                      {product} {ergonomic}
   size_t SoftMaxHeapSize                          = 1073741824                             {manageable} {ergonomic}
     bool UseCompressedClassPointers               = true                           {product lp64_product} {ergonomic}
     bool UseCompressedOops                        = true                           {product lp64_product} {ergonomic}
     bool UseLargePagesIndividualAllocation        = false                                  {pd product} {ergonomic}
     bool UseParallelGC                            = true                                      {product} {command line}

Logging:
Log output configuration:
 #0: stdout all=off uptime,level,tags
 #1: stderr all=off uptime,level,tags

Environment Variables:
JAVA_HOME=C:\Program Files\Java\jdk-22\bin
PATH=C:\Program Files\Java\jdk-22\bin;C:\Program Files\nodejs;C:\Program Files\Git\bin;C:\Users\user\Downloads\opencv\build\x64\vc16\bin;C:\Program Files (x86)\Windows Kits\10\Windows Performance Toolkit\;C:\Users\user\AppData\Local\Programs\Python\Python312\Scripts\;C:\Users\user\AppData\Local\Programs\Python\Python312\;C:\Users\user\AppData\Local\Microsoft\WindowsApps;C:\Users\user\AppData\Local\Programs\Microsoft VS Code\bin;C:\Users\user\AppData\Roaming\npm;"C:\Program Files\Java\jdk-22\bin;C:\Program Files\Git\bin;C:\Program Files\nodejs";C:\msys64\ucrt64\bin;C:\Users\user\Downloads\opencv\build\x64\vc16\bin;
USERNAME=user
OS=Windows_NT
PROCESSOR_IDENTIFIER=Intel64 Family 6 Model 142 Stepping 9, GenuineIntel
TMP=C:\Users\user\AppData\Local\Temp
TEMP=C:\Users\user\AppData\Local\Temp



Periodic native trim disabled


---------------  S Y S T E M  ---------------

OS:
 Windows 10 , 64 bit Build 18362 (10.0.18362.329)
OS uptime: 2 days 20:39 hours

CPU: total 4 (initial active 4) (2 cores per cpu, 2 threads per core) family 6 model 142 stepping 9 microcode 0xb4, cx8, cmov, fxsr, ht, mmx, 3dnowpref, sse, sse2, sse3, ssse3, sse4.1, sse4.2, popcnt, lzcnt, tsc, tscinvbit, avx, avx2, aes, erms, clmul, bmi1, bmi2, rtm, adx, fma, vzeroupper, clflush, clflushopt
Processor Information for all 4 processors :
  Max Mhz: 2901, Current Mhz: 2901, Mhz Limit: 2901

Memory: 4k page, system-wide physical 16225M (1364M free)
TotalPageFile size 30962M (AvailPageFile size 4M)
current process WorkingSet (physical memory assigned to process): 126M, peak: 126M
current process commit charge ("private bytes"): 222M, peak: 223M

vm_info: OpenJDK 64-Bit Server VM (17.0.11+9) for windows-amd64 JRE (17.0.11+9), built on Apr 17 2024 06:07:48 by "admin" with MS VC++ 16.10 / 16.11 (VS2019)

END.
